This is pdfTeX, Version 3.141592653-2.6-1.40.22 (TeX Live 2022/dev/Debian) (preloaded format=pdflatex 2024.2.24)  24 FEB 2024 22:24
entering extended mode
 restricted \write18 enabled.
 %&-line parsing enabled.
**&pdflatex mylatexformat.ltx my-preamble.tex
(/usr/share/texlive/texmf-dist/tex/latex/mylatexformat/mylatexformat.ltx
LaTeX2e <2021-11-15> patch level 1
L3 programming layer <2022-01-21>) (./my-preamble.tex
(/usr/share/texlive/texmf-dist/tex/latex/base/article.cls
Document Class: article 2021/10/04 v1.4n Standard LaTeX document class
(/usr/share/texlive/texmf-dist/tex/latex/base/size10.clo
File: size10.clo 2021/10/04 v1.4n Standard LaTeX file (size option)
)
\c@part=\count185
\c@section=\count186
\c@subsection=\count187
\c@subsubsection=\count188
\c@paragraph=\count189
\c@subparagraph=\count190
\c@figure=\count191
\c@table=\count192
\abovecaptionskip=\skip47
\belowcaptionskip=\skip48
\bibindent=\dimen138
)
LaTeX Font Info:    External font `cmex10' loaded for size
(Font)              <7> on input line 2.
LaTeX Font Info:    External font `cmex10' loaded for size
(Font)              <5> on input line 2.
 )
Beginning to dump on file my-preamble.fmt
 (preloaded format=my-preamble 2024.2.24)
21983 strings of total length 404393
291798 memory locations dumped; current usage is 236&289491
18549 multiletter control sequences
\font\nullfont=nullfont
\font\c__fp_exp_intarray=cmr10 at 0.00002pt
\font\c__fp_trig_intarray=cmr10 at 0.00003pt
\font\c_initex_cctab=cmr10 at 0.00005pt
\font\c_other_cctab=cmr10 at 0.00006pt
\font\c_str_cctab=cmr10 at 0.00008pt
\font\g__regex_state_active_intarray=cmr10 at 0.00009pt
\font\g__regex_thread_info_intarray=cmr10 at 0.0001pt
\font\g__regex_submatch_prev_intarray=cmr10 at 0.00012pt
\font\g__regex_submatch_begin_intarray=cmr10 at 0.00014pt
\font\g__regex_submatch_end_intarray=cmr10 at 0.00015pt
\font\g__regex_submatch_case_intarray=cmr10 at 0.00017pt
\font\g__regex_balance_intarray=cmr10 at 0.00018pt
\font\OMX/cmex/m/n/5=cmex10
\font\tenln=line10
\font\tenlnw=linew10
\font\tencirc=lcircle10
\font\tencircw=lcirclew10
\font\OT1/cmr/m/n/5=cmr5
\font\OT1/cmr/m/n/7=cmr7
\font\OT1/cmr/m/n/10=cmr10
\font\OML/cmm/m/it/5=cmmi5
\font\OML/cmm/m/it/7=cmmi7
\font\OML/cmm/m/it/10=cmmi10
\font\OMS/cmsy/m/n/5=cmsy5
\font\OMS/cmsy/m/n/7=cmsy7
\font\OMS/cmsy/m/n/10=cmsy10
\font\c_code_cctab=cmr10 at 0.0002pt
\font\c_document_cctab=cmr10 at 0.00021pt
\font\OT1/cmr/m/it/10=cmti10
\font\OT1/cmtt/m/n/10=cmtt10
\font\OT1/cmss/m/n/10=cmss10
\font\OT1/cmr/bx/n/10=cmbx10
\font\OT1/cmr/bx/it/10=cmbxti10
\font\OT1/cmr/bx/it/12=cmbxti10 at 12.0pt
\font\OT1/cmr/bx/it/14.4=cmbxti10 at 14.4pt
\font\OT1/cmr/bx/it/17.28=cmbxti10 at 17.28pt
\font\OT1/cmr/bx/it/24.88=cmbxti10 at 24.88pt
\font\OT1/cmr/bx/it/9=cmbxti10 at 9.0pt
\font\OT1/cmr/bx/it/8=cmbxti10 at 8.0pt
\font\OT1/cmr/bx/it/5=cmbxti10 at 5.0pt
473251 words of font info for 40 preloaded fonts
1141 hyphenation exceptions
Hyphenation trie of length 419969 has 8811 ops out of 35111
  38 for language 86
  18 for language 84
  113 for language 83
  206 for language 82
  62 for language 80
  77 for language 78
  110 for language 77
  432 for language 76
  76 for language 75
  60 for language 74
  38 for language 72
  229 for language 71
  185 for language 70
  40 for language 69
  12 for language 68
  7 for language 67
  58 for language 66
  147 for language 65
  25 for language 64
  207 for language 63
  27 for language 62
  89 for language 61
  63 for language 60
  424 for language 59
  138 for language 57
  14 for language 56
  50 for language 55
  420 for language 54
  43 for language 52
  119 for language 51
  5 for language 48
  37 for language 47
  97 for language 46
  143 for language 45
  66 for language 44
  6 for language 43
  58 for language 42
  137 for language 41
  852 for language 39
  3 for language 38
  21 for language 36
  21 for language 33
  852 for language 32
  54 for language 31
  71 for language 30
  7 for language 28
  19 for language 27
  148 for language 26
  145 for language 25
  31 for language 23
  21 for language 21
  224 for language 20
  53 for language 19
  36 for language 18
  127 for language 17
  265 for language 16
  39 for language 15
  235 for language 14
  37 for language 13
  194 for language 11
  23 for language 10
  195 for language 9
  377 for language 7
  248 for language 6
  38 for language 5
  216 for language 3
  2 for language 1
  181 for language 0
0 words of pdfTeX memory
0 indirect objects
No pages of output.
PDF statistics:
 0 PDF objects out of 1000 (max. 8388607)
 0 named destinations out of 1000 (max. 500000)
 1 words of extra memory for PDF output out of 10000 (max. 10000000)

