This is pdfTeX, Version 3.141592653-2.6-1.40.22 (TeX Live 2022/dev/Debian) (preloaded format=my-preamble 2024.2.24)  24 FEB 2024 22:23
entering extended mode
 restricted \write18 enabled.
 %&-line parsing enabled.
**test_nonäscii.tex

! Emergency stop.
<to be read again> 
                   \unhbox 
<*> test_nonä
              scii.tex
End of file on the terminal!

 
Here is how much of TeX's memory you used:
 4 strings out of 478017
 127 string characters out of 5845607
 292562 words of memory out of 5000000
 18550 multiletter control sequences out of 15000+600000
 473258 words of font info for 40 fonts, out of 8000000 for 9000
 1141 hyphenation exceptions out of 8191
 4i,0n,4p,29b,6s stack positions out of 5000i,500n,10000p,200000b,80000s
!  ==> Fatal error occurred, no output PDF file produced!
